[23:20:17.088] [INFO] Checking the health of your Storybook..
[23:20:17.090] [DEBUG] Getting Storybook info...
[23:20:17.093] [DEBUG] Loading main config...
[23:20:17.272] [DEBUG] Getting stories paths...
[23:20:17.328] [DEBUG] Getting package manager...
[23:20:18.962] [DEBUG] Getting Storybook version...
[23:20:25.058] [WARN] .storybook: 2 issues found
[23:20:25.059] [INFO] The "storybook" package was not found in your package.json.
Installing "storybook" as a direct dev dependency in your package.json is required.
[23:20:25.070] [INFO] You are currently using Storybook 9.1.4 but you have packages which are incompatible with it:

- @storybook/addon-essentials@8.6.14 which depends on 8.6.14
 Repo: https://github.com/storybookjs/storybook/tree/next/code/addons/essentials
- @storybook/addon-interactions@8.6.14 which depends on 8.6.14
 Repo: https://github.com/storybookjs/storybook/tree/next/code/addons/interactions

Please consider updating your packages or contacting the maintainers for compatibility details.

For more on Storybook 9 compatibility, see the linked GitHub issue:
https://github.com/storybookjs/storybook/issues/30944
[23:20:25.091] [INFO] Storybook doctor is complete!
[23:20:25.091] [INFO] You can always recheck the health of your project(s) by running:
npx storybook doctor